<?xml version="1.0" encoding="UTF-8"?>
<testsuite name="com.example.subModule.SubMainTest" tests="1" skipped="0" failures="0" errors="0" timestamp="2021-01-25T04:11:27" hostname="raghav-deepsource" time="0.028">
  <properties/>
  <testcase name="doTHing()" classname="com.example.subModule.SubMainTest" time="0.028"/>
  <system-out><![CDATA[]]></system-out>
  <system-err><![CDATA[]]></system-err>
</testsuite>
